#
# There is insufficient memory for the Java Runtime Environment to continue.
# Native memory allocation (mmap) failed to map 134217728 bytes for Failed to commit area from 0x0000000081a00000 to 0x0000000089a00000 of length 134217728.
# Possible reasons:
#   The system is out of physical RAM or swap space
#   The process is running with CompressedOops enabled, and the Java Heap may be blocking the growth of the native heap
# Possible solutions:
#   Reduce memory load on the system
#   Increase physical memory or swap space
#   Check if swap backing store is full
#   Decrease Java heap size (-Xmx/-Xms)
#   Decrease number of Java threads
#   Decrease Java thread stack sizes (-Xss)
#   Set larger code cache with -XX:ReservedCodeCacheSize=
# This output file may be truncated or incomplete.
#
#  Out of Memory Error (t:/workspace/open/src/hotspot/os/windows/os_windows.cpp:3221), pid=9100, tid=24360
#
# JRE version:  (10.0.1+10) (build )
# Java VM: Java HotSpot(TM) 64-Bit Server VM (10.0.1+10, mixed mode, aot, tiered, compressed oops, g1 gc, windows-amd64)
# No core dump will be written. Minidumps are not enabled by default on client versions of Windows
#

---------------  S U M M A R Y ------------

Command Line: -Dfile.encoding=GBK st02_studentManagerment.AboutUsFrm

Host: Intel(R) Core(TM) i5-7300HQ CPU @ 2.50GHz, 4 cores, 7G,  Windows 10 , 64 bit Build 18362 (10.0.18362.86)
Time: Sun Sep 08 13:14:41 2019 ?D1迆㊣那℅?那㊣?? elapsed time: 0 seconds (0d 0h 0m 0s)

---------------  T H R E A D  ---------------

Current thread (0x0000013ab9ac6000):  JavaThread "Unknown thread" [_thread_in_vm, id=24360, stack(0x0000003170e00000,0x0000003170f00000)]

Stack: [0x0000003170e00000,0x0000003170f00000]
Native frames: (J=compiled Java code, j=interpreted, Vv=VM code, C=native code)
V  [jvm.dll+0x5a0369]
V  [jvm.dll+0x6bcf81]
V  [jvm.dll+0x6be176]
V  [jvm.dll+0x6be803]
V  [jvm.dll+0x234998]
V  [jvm.dll+0x59dc74]
V  [jvm.dll+0x592ab5]
V  [jvm.dll+0x2f625b]
V  [jvm.dll+0x2f61c5]
V  [jvm.dll+0x2f60a2]
V  [jvm.dll+0x2f8286]
V  [jvm.dll+0x3440d3]
V  [jvm.dll+0x3447e6]
V  [jvm.dll+0x3441d3]
V  [jvm.dll+0x2c43b8]
V  [jvm.dll+0x2c5501]
V  [jvm.dll+0x69d33b]
V  [jvm.dll+0x69eb5c]
V  [jvm.dll+0x351849]
V  [jvm.dll+0x6859c2]
V  [jvm.dll+0x3ba0a3]
V  [jvm.dll+0x3bc201]
C  [javaw.exe+0x3541]
C  [javaw.exe+0xe1cf]
C  [javaw.exe+0xe376]
C  [KERNEL32.DLL+0x17bd4]
C  [ntdll.dll+0x6ce71]


---------------  P R O C E S S  ---------------

Threads class SMR info:
_java_thread_list=0x0000013ab761b680, length=0, elements={
}

Java Threads: ( => current thread )

Other Threads:
  0x0000013ab9ae1000 GCTaskThread "GC Thread#0" [stack: 0x0000003170f00000,0x0000003171000000] [id=13980]
  0x0000013ab9ae2800 GCTaskThread "GC Thread#1" [stack: 0x0000003171000000,0x0000003171100000] [id=19476]
  0x0000013ab9ae5800 GCTaskThread "GC Thread#2" [stack: 0x0000003171100000,0x0000003171200000] [id=19264]
  0x0000013ab9ae6800 GCTaskThread "GC Thread#3" [stack: 0x0000003171200000,0x0000003171300000] [id=27608]
  0x0000013ab9b59000 ConcurrentGCThread "G1 Main Marker" [stack: 0x0000003171300000,0x0000003171400000] [id=24584]
  0x0000013ab9b5c000 ConcurrentGCThread "G1 Conc#0" [stack: 0x0000003171400000,0x0000003171500000] [id=21068]

[error occurred during error reporting (printing all threads), id 0xe0000002]

VM state:not at safepoint (not fully initialized)

VM Mutex/Monitor currently owned by a thread:  ([mutex/lock_event])
[0x0000013ab9ac1c70] Heap_lock - owner thread: 0x0000013ab9ac6000

Heap address: 0x0000000081a00000, size: 2022 MB, Compressed Oops mode: Non-zero based: 0x0000000081a00000
Narrow klass base: 0x0000000000000000, Narrow klass shift: 0

GC Heap History (0 events):
No events

Deoptimization events (0 events):
No events

Classes redefined (0 events):
No events

Internal exceptions (0 events):
No events

Events (0 events):
No events


Dynamic libraries:
0x00007ff6cd030000 - 0x00007ff6cd06e000 	C:\Program Files\Java\jdk-10.0.1\bin\javaw.exe
0x00007ffcbfe80000 - 0x00007ffcc0070000 	C:\WINDOWS\SYSTEM32\ntdll.dll
0x00007ffcbfbe0000 - 0x00007ffcbfc92000 	C:\WINDOWS\System32\KERNEL32.DLL
0x00007ffcbd7a0000 - 0x00007ffcbda43000 	C:\WINDOWS\System32\KERNELBASE.dll
0x00007ffcbe520000 - 0x00007ffcbe5c3000 	C:\WINDOWS\System32\ADVAPI32.dll
0x00007ffcbe1c0000 - 0x00007ffcbe25e000 	C:\WINDOWS\System32\msvcrt.dll
0x00007ffcbe480000 - 0x00007ffcbe517000 	C:\WINDOWS\System32\sechost.dll
0x00007ffcbdf30000 - 0x00007ffcbe050000 	C:\WINDOWS\System32\RPCRT4.dll
0x00007ffcbf9c0000 - 0x00007ffcbfb53000 	C:\WINDOWS\System32\USER32.dll
0x00007ffcbd720000 - 0x00007ffcbd741000 	C:\WINDOWS\System32\win32u.dll
0x00007ffcbe260000 - 0x00007ffcbe286000 	C:\WINDOWS\System32\GDI32.dll
0x00007ffcbdbc0000 - 0x00007ffcbdd54000 	C:\WINDOWS\System32\gdi32full.dll
0x00007ffcbdd60000 - 0x00007ffcbddfe000 	C:\WINDOWS\System32\msvcp_win.dll
0x00007ffcbde00000 - 0x00007ffcbdefa000 	C:\WINDOWS\System32\ucrtbase.dll
0x00007ffcaa6c0000 - 0x00007ffcaa945000 	C:\WINDOWS\WinSxS\amd64_microsoft.windows.common-controls_6595b64144ccf1df_6.0.18362.295_none_e6c3acbd13101292\COMCTL32.dll
0x00007ffcbe5e0000 - 0x00007ffcbe916000 	C:\WINDOWS\System32\combase.dll
0x00007ffcbcf20000 - 0x00007ffcbcfa0000 	C:\WINDOWS\System32\bcryptPrimitives.dll
0x00007ffcb4c60000 - 0x00007ffcb4c6a000 	C:\WINDOWS\SYSTEM32\VERSION.dll
0x00007ffcbe050000 - 0x00007ffcbe07e000 	C:\WINDOWS\System32\IMM32.DLL
0x00007ffc927f0000 - 0x00007ffc928df000 	C:\Program Files\Java\jdk-10.0.1\bin\msvcr120.dll
0x00007ffc93810000 - 0x00007ffc938b6000 	C:\Program Files\Java\jdk-10.0.1\bin\msvcp120.dll
0x00000000593f0000 - 0x0000000059e60000 	C:\Program Files\Java\jdk-10.0.1\bin\server\jvm.dll
0x00007ffcbf1c0000 - 0x00007ffcbf1c8000 	C:\WINDOWS\System32\PSAPI.DLL
0x00007ffcbaae0000 - 0x00007ffcbaae9000 	C:\WINDOWS\SYSTEM32\WSOCK32.dll
0x00007ffcba980000 - 0x00007ffcba9a4000 	C:\WINDOWS\SYSTEM32\WINMM.dll
0x00007ffcbe080000 - 0x00007ffcbe0ef000 	C:\WINDOWS\System32\WS2_32.dll
0x00007ffcba950000 - 0x00007ffcba97d000 	C:\WINDOWS\SYSTEM32\winmmbase.dll
0x00007ffcbd750000 - 0x00007ffcbd79a000 	C:\WINDOWS\System32\cfgmgr32.dll
0x00007ffcb8580000 - 0x00007ffcb858f000 	C:\Program Files\Java\jdk-10.0.1\bin\verify.dll
0x00007ffcbb750000 - 0x00007ffcbb944000 	C:\WINDOWS\SYSTEM32\DBGHELP.DLL
0x00007ffcb1b90000 - 0x00007ffcb1bba000 	C:\WINDOWS\SYSTEM32\dbgcore.DLL
0x00007ffcb8550000 - 0x00007ffcb8577000 	C:\Program Files\Java\jdk-10.0.1\bin\java.dll
0x00007ffcb8530000 - 0x00007ffcb8546000 	C:\Program Files\Java\jdk-10.0.1\bin\zip.dll
0x00007ffcb4e00000 - 0x00007ffcb4e0a000 	C:\Program Files\Java\jdk-10.0.1\bin\jimage.dll

dbghelp: loaded successfully - version: 4.0.5 - missing functions: none
symbol engine: initialized successfully - sym options: 0x614 - pdb path: .;C:\Program Files\Java\jdk-10.0.1\bin;C:\WINDOWS\SYSTEM32;C:\WINDOWS\WinSxS\amd64_microsoft.windows.common-controls_6595b64144ccf1df_6.0.18362.295_none_e6c3acbd13101292;C:\Program Files\Java\jdk-10.0.1\bin\server

VM Arguments:
jvm_args: -Dfile.encoding=GBK 
java_command: st02_studentManagerment.AboutUsFrm
java_class_path (initial): E:\st02_studentManagerment\bin;E:\eclipse\eclipse-jee-photon-R-win32-x86_64\eclipse\plugins\org.junit.jupiter.api_5.1.0.v20180327-1502.jar;E:\eclipse\eclipse-jee-photon-R-win32-x86_64\eclipse\plugins\org.junit.jupiter.engine_5.1.0.v20180327-1502.jar;E:\eclipse\eclipse-jee-photon-R-win32-x86_64\eclipse\plugins\org.junit.jupiter.migrationsupport_5.1.0.v20180327-1502.jar;E:\eclipse\eclipse-jee-photon-R-win32-x86_64\eclipse\plugins\org.junit.jupiter.params_5.1.0.v20180327-1502.jar;E:\eclipse\eclipse-jee-photon-R-win32-x86_64\eclipse\plugins\org.junit.platform.commons_1.1.0.v20180327-1502.jar;E:\eclipse\eclipse-jee-photon-R-win32-x86_64\eclipse\plugins\org.junit.platform.engine_1.1.0.v20180327-1502.jar;E:\eclipse\eclipse-jee-photon-R-win32-x86_64\eclipse\plugins\org.junit.platform.launcher_1.1.0.v20180327-1502.jar;E:\eclipse\eclipse-jee-photon-R-win32-x86_64\eclipse\plugins\org.junit.platform.runner_1.1.0.v20180327-1502.jar;E:\eclipse\eclipse-jee-photon-R-win32-x86_64\eclipse\plugins\org.junit.platform.suite.api_1.1.0.v20180327-1502.jar;E:\eclipse\eclipse-jee-photon-R-win32-x86_64\eclipse\plugins\org.junit.vintage.engine_5.1.0.v20180327-1502.jar;E:\eclipse\eclipse-jee-photon-R-win32-x86_64\eclipse\plugins\org.opentest4j_1.0.0.v20180327-1502.jar;E:\eclipse\eclipse-jee-photon-R-win32-x86_64\eclipse\plugins\org.apiguardian_1.0.0.v20180327-1502.jar;E:\eclipse\eclipse-jee-photon-R-win32-x86_64\eclipse\plugins\org.junit_4.12.0.v201504281640\junit.jar;E:\eclipse\eclipse-jee-photon-R-win32-x86_64\eclipse\plugins\org.hamcrest.core_1.3.0.v20180420-1519.jar
Launcher Type: SUN_STANDARD

Logging:
Log output configuration:
#0: stdout all=warning uptime,level,tags
#1: stderr all=off uptime,level,tags

Environment Variables:
JAVA_HOME=C:\Program Files\Java\jdk-10.0.1
CLASSPATH=.;C:\Program Files\Java\jdk-10.0.1\lib
PATH=C:/Program Files/Java/jdk-10.0.1/bin/server;C:/Program Files/Java/jdk-10.0.1/bin;C:\Program Files\Java\jdk-10.0.1\bin;System32\Wbem;C:\WINDOWS\System32\WindowsPowerShell\v1.0\;C:\WINDOWS\System32\OpenSSH\;;C:\WINDOWS\system32;C:\WINDOWS;C:\WINDOWS\System32\Wbem;C:\Users\種恅噪\AppData\Local\Microsoft\WindowsApps;;E:\eclipse\eclipse-jee-photon-R-win32-x86_64\eclipse;
USERNAME=種恅噪
OS=Windows_NT
PROCESSOR_IDENTIFIER=Intel64 Family 6 Model 158 Stepping 9, GenuineIntel



---------------  S Y S T E M  ---------------

OS: Windows 10 , 64 bit Build 18362 (10.0.18362.86)

CPU:total 4 (initial active 4) (4 cores per cpu, 1 threads per core) family 6 model 158 stepping 9, cmov, cx8, fxsr, mmx, sse, sse2, sse3, ssse3, sse4.1, sse4.2, popcnt, avx, avx2, aes, clmul, erms, 3dnowpref, lzcnt, tsc, tscinvbit, bmi1, bmi2, adx, fma

Memory: 4k page, physical 8278180k(1852660k free), swap 16133880k(32320k free)

vm_info: Java HotSpot(TM) 64-Bit Server VM (10.0.1+10) for windows-amd64 JRE (10.0.1+10), built on Mar 27 2018 02:27:48 by "mach5one" with MS VC++ 12.0 (VS2013)

END.
